{"/home/lenovo/Desktop/mahendra/JestTesting/tests/UserModel.js": {"path":"/home/lenovo/Desktop/mahendra/JestTesting/tests/UserModel.js","statementMap":{"0":{"start":{"line":1,"column":17},"end":{"line":1,"column":36}},"1":{"start":{"line":3,"column":19},"end":{"line":7,"column":2}},"2":{"start":{"line":9,"column":18},"end":{"line":9,"column":52}},"3":{"start":{"line":10,"column":0},"end":{"line":10,"column":27}}},"fnMap":{},"branchMap":{},"s":{"0":2,"1":2,"2":2,"3":2},"f":{},"b":{},"_coverageSchema":"1a1c01bbd47fc00a2c39e90264f33305004495a9","hash":"9d2ec2b6001b17fa0b9afc316df00a63f02f56fd"}
,"/home/lenovo/Desktop/mahendra/JestTesting/tests/mongoConnection.js": {"path":"/home/lenovo/Desktop/mahendra/JestTesting/tests/mongoConnection.js","statementMap":{"0":{"start":{"line":1,"column":17},"end":{"line":1,"column":36}},"1":{"start":{"line":3,"column":4},"end":{"line":3,"column":85}},"2":{"start":{"line":6,"column":4},"end":{"line":6,"column":38}},"3":{"start":{"line":8,"column":0},"end":{"line":8,"column":36}}},"fnMap":{"0":{"name":"connect","decl":{"start":{"line":2,"column":15},"end":{"line":2,"column":22}},"loc":{"start":{"line":2,"column":28},"end":{"line":4,"column":1}},"line":2},"1":{"name":"close","decl":{"start":{"line":5,"column":15},"end":{"line":5,"column":20}},"loc":{"start":{"line":5,"column":23},"end":{"line":7,"column":1}},"line":5}},"branchMap":{},"s":{"0":2,"1":2,"2":2,"3":2},"f":{"0":2,"1":2},"b":{},"_coverageSchema":"1a1c01bbd47fc00a2c39e90264f33305004495a9","hash":"e6cee5e9eabb3355c274c723b4f59fa28f1457c8"}
,"/home/lenovo/Desktop/mahendra/JestTesting/tests/userService.js": {"path":"/home/lenovo/Desktop/mahendra/JestTesting/tests/userService.js","statementMap":{"0":{"start":{"line":1,"column":18},"end":{"line":1,"column":40}},"1":{"start":{"line":3,"column":20},"end":{"line":29,"column":1}},"2":{"start":{"line":6,"column":21},"end":{"line":6,"column":44}},"3":{"start":{"line":7,"column":8},"end":{"line":7,"column":33}},"4":{"start":{"line":12,"column":8},"end":{"line":12,"column":48}},"5":{"start":{"line":17,"column":8},"end":{"line":17,"column":84}},"6":{"start":{"line":22,"column":8},"end":{"line":22,"column":57}},"7":{"start":{"line":27,"column":8},"end":{"line":27,"column":40}},"8":{"start":{"line":31,"column":0},"end":{"line":31,"column":29}}},"fnMap":{"0":{"name":"(anonymous_0)","decl":{"start":{"line":5,"column":4},"end":{"line":5,"column":5}},"loc":{"start":{"line":5,"column":31},"end":{"line":8,"column":5}},"line":5},"1":{"name":"(anonymous_1)","decl":{"start":{"line":11,"column":4},"end":{"line":11,"column":5}},"loc":{"start":{"line":11,"column":30},"end":{"line":13,"column":5}},"line":11},"2":{"name":"(anonymous_2)","decl":{"start":{"line":16,"column":4},"end":{"line":16,"column":5}},"loc":{"start":{"line":16,"column":41},"end":{"line":18,"column":5}},"line":16},"3":{"name":"(anonymous_3)","decl":{"start":{"line":21,"column":4},"end":{"line":21,"column":5}},"loc":{"start":{"line":21,"column":29},"end":{"line":23,"column":5}},"line":21},"4":{"name":"(anonymous_4)","decl":{"start":{"line":26,"column":4},"end":{"line":26,"column":5}},"loc":{"start":{"line":26,"column":22},"end":{"line":28,"column":5}},"line":26}},"branchMap":{},"s":{"0":1,"1":1,"2":6,"3":6,"4":1,"5":1,"6":1,"7":1,"8":1},"f":{"0":6,"1":1,"2":1,"3":1,"4":1},"b":{},"_coverageSchema":"1a1c01bbd47fc00a2c39e90264f33305004495a9","hash":"0d7de2eb7b287fbb25f7db857590c8e2c69b87b6"}
}
